# JRE version: OpenJDK Runtime Environment (15.0.1+9) (build 15.0.1+9-18)
# Java VM: OpenJDK 64-Bit Server VM (15.0.1+9-18, mixed mode, tiered, compressed oops, g1 gc, windows-amd64)
GC Precious Log:
 CPUs: 8 total, 8 available
 Memory: 8087M
 Large Page Support: Disabled
 NUMA Support: Disabled
 Compressed Oops: Enabled (32-bit)
 Heap Region Size: 1M
 Heap Min Capacity: 8M
 Heap Initial Capacity: 128M
 Heap Max Capacity: 2022M
 Pre-touch: Disabled
 Parallel Workers: 8
 Concurrent Workers: 2
 Concurrent Refinement Workers: 8
 Periodic GC: Disabled
Heap:
 garbage-first heap   total 49152K, used 18875K [0x0000000081a00000, 0x0000000100000000)
  region size 1024K, 11 young (11264K), 2 survivors (2048K)
 Metaspace       used 29788K, capacity 30114K, committed 30208K, reserved 1077248K
  class space    used 3167K, capacity 3245K, committed 3328K, reserved 1048576K
GC Heap History (16 events):
Event: 1.148 GC heap before
{Heap before GC invocations=0 (full 0):
 garbage-first heap   total 131072K, used 24576K [0x0000000081a00000, 0x0000000100000000)
  region size 1024K, 23 young (23552K), 0 survivors (0K)
 Metaspace       used 12757K, capacity 12909K, committed 12928K, reserved 1060864K
  class space    used 1117K, capacity 1150K, committed 1152K, reserved 1048576K
}
Event: 1.154 GC heap after
{Heap after GC invocations=1 (full 0):
 garbage-first heap   total 131072K, used 6303K [0x0000000081a00000, 0x0000000100000000)
  region size 1024K, 3 young (3072K), 3 survivors (3072K)
 Metaspace       used 12757K, capacity 12909K, committed 12928K, reserved 1060864K
  class space    used 1117K, capacity 1150K, committed 1152K, reserved 1048576K
}
Event: 1.497 GC heap before
{Heap before GC invocations=1 (full 0):
 garbage-first heap   total 131072K, used 32927K [0x0000000081a00000, 0x0000000100000000)
  region size 1024K, 29 young (29696K), 3 survivors (3072K)
 Metaspace       used 17156K, capacity 17363K, committed 17664K, reserved 1064960K
  class space    used 1645K, capacity 1694K, committed 1792K, reserved 1048576K
}
Event: 1.502 GC heap after
{Heap after GC invocations=2 (full 0):
 garbage-first heap   total 131072K, used 7553K [0x0000000081a00000, 0x0000000100000000)
  region size 1024K, 2 young (2048K), 2 survivors (2048K)
 Metaspace       used 17156K, capacity 17363K, committed 17664K, reserved 1064960K
  class space    used 1645K, capacity 1694K, committed 1792K, reserved 1048576K
}
Event: 1.747 GC heap before
{Heap before GC invocations=2 (full 0):
 garbage-first heap   total 131072K, used 39297K [0x0000000081a00000, 0x0000000100000000)
  region size 1024K, 34 young (34816K), 2 survivors (2048K)
 Metaspace       used 20949K, capacity 21157K, committed 21296K, reserved 1069056K
  class space    used 2101K, capacity 2167K, committed 2176K, reserved 1048576K
}
Event: 1.750 GC heap after
{Heap after GC invocations=3 (full 0):
 garbage-first heap   total 131072K, used 8252K [0x0000000081a00000, 0x0000000100000000)
  region size 1024K, 2 young (2048K), 2 survivors (2048K)
 Metaspace       used 20949K, capacity 21157K, committed 21296K, reserved 1069056K
  class space    used 2101K, capacity 2167K, committed 2176K, reserved 1048576K
}
Event: 1.891 GC heap before
{Heap before GC invocations=4 (full 0):
 garbage-first heap   total 37888K, used 36924K [0x0000000081a00000, 0x0000000100000000)
  region size 1024K, 30 young (30720K), 2 survivors (2048K)
 Metaspace       used 23708K, capacity 23979K, committed 24064K, reserved 1071104K
  class space    used 2433K, capacity 2488K, committed 2560K, reserved 1048576K
}
Event: 1.893 GC heap after
{Heap after GC invocations=5 (full 0):
 garbage-first heap   total 40960K, used 8740K [0x0000000081a00000, 0x0000000100000000)
  region size 1024K, 3 young (3072K), 3 survivors (3072K)
 Metaspace       used 23708K, capacity 23979K, committed 24064K, reserved 1071104K
  class space    used 2433K, capacity 2488K, committed 2560K, reserved 1048576K
}
Event: 2.024 GC heap before
{Heap before GC invocations=5 (full 0):
 garbage-first heap   total 40960K, used 27172K [0x0000000081a00000, 0x0000000100000000)
  region size 1024K, 22 young (22528K), 3 survivors (3072K)
 Metaspace       used 25671K, capacity 25898K, committed 26112K, reserved 1073152K
  class space    used 2689K, capacity 2788K, committed 2816K, reserved 1048576K
}
Event: 2.028 GC heap after
{Heap after GC invocations=6 (full 0):
 garbage-first heap   total 40960K, used 9154K [0x0000000081a00000, 0x0000000100000000)
  region size 1024K, 2 young (2048K), 2 survivors (2048K)
 Metaspace       used 25671K, capacity 25898K, committed 26112K, reserved 1073152K
  class space    used 2689K, capacity 2788K, committed 2816K, reserved 1048576K
}
Event: 2.075 GC heap before
{Heap before GC invocations=6 (full 0):
 garbage-first heap   total 40960K, used 28610K [0x0000000081a00000, 0x0000000100000000)
  region size 1024K, 22 young (22528K), 2 survivors (2048K)
 Metaspace       used 25903K, capacity 26124K, committed 26496K, reserved 1073152K
  class space    used 2722K, capacity 2822K, committed 2944K, reserved 1048576K
}
Event: 2.077 GC heap after
{Heap after GC invocations=7 (full 0):
 garbage-first heap   total 40960K, used 9425K [0x0000000081a00000, 0x0000000100000000)
  region size 1024K, 2 young (2048K), 2 survivors (2048K)
 Metaspace       used 25903K, capacity 26124K, committed 26496K, reserved 1073152K
  class space    used 2722K, capacity 2822K, committed 2944K, reserved 1048576K
}
Event: 2.085 GC heap before
{Heap before GC invocations=7 (full 0):
 garbage-first heap   total 40960K, used 28881K [0x0000000081a00000, 0x0000000100000000)
  region size 1024K, 22 young (22528K), 2 survivors (2048K)
 Metaspace       used 25996K, capacity 26252K, committed 26496K, reserved 1073152K
  class space    used 2729K, capacity 2822K, committed 2944K, reserved 1048576K
}
Event: 2.087 GC heap after
{Heap after GC invocations=8 (full 0):
 garbage-first heap   total 40960K, used 9540K [0x0000000081a00000, 0x0000000100000000)
  region size 1024K, 2 young (2048K), 2 survivors (2048K)
 Metaspace       used 25996K, capacity 26252K, committed 26496K, reserved 1073152K
  class space    used 2729K, capacity 2822K, committed 2944K, reserved 1048576K
}
Event: 2.426 GC heap before
{Heap before GC invocations=8 (full 0):
 garbage-first heap   total 40960K, used 30020K [0x0000000081a00000, 0x0000000100000000)
  region size 1024K, 23 young (23552K), 2 survivors (2048K)
 Metaspace       used 27510K, capacity 27739K, committed 27904K, reserved 1075200K
  class space    used 2884K, capacity 2971K, committed 3072K, reserved 1048576K
}
Event: 2.430 GC heap after
{Heap after GC invocations=9 (full 0):
 garbage-first heap   total 40960K, used 10341K [0x0000000081a00000, 0x0000000100000000)
  region size 1024K, 3 young (3072K), 3 survivors (3072K)
 Metaspace       used 27510K, capacity 27739K, committed 27904K, reserved 1075200K
  class space    used 2884K, capacity 2971K, committed 3072K, reserved 1048576K
}

